<?xml version="1.0" encoding="UTF-8"?>
<testsuites name="test" time="43" tests="0" failures="1" errors="1">
   <testsuite name="test" tests="0" failures="1" errors="1" time="43" timestamp="2018-04-04 11:11:01" hostname="PG-Adul - PG-Adul.mshome.net" id="Test Suites/test">
      <properties>
         <property name="deviceName" value=""/>
         <property name="devicePlatform" value=""/>
         <property name="logFolder" value="D:\\Demo\\Katalon-Demo\\Reports\\test\\20180404_111057"/>
         <property name="logFiles" value="D:\\Demo\\Katalon-Demo\\Reports\\test\\20180404_111057\\execution0.log"/>
         <property name="attachments" value="D:\\Demo\\Katalon-Demo\\Reports\\test\\20180404_111057\\1522815077665.png, D:\\Demo\\Katalon-Demo\\Reports\\test\\20180404_111057\\1522815077722.png"/>
         <property name="hostName" value="PG-Adul - PG-Adul.mshome.net"/>
         <property name="os" value="Windows 10 64bit"/>
         <property name="katalonVersion" value="5.3.1.1"/>
         <property name="browser" value="Firefox 58.0"/>
         <property name="hostAddress" value="172.27.98.17"/>
         <property name="sessionId" value="ab0af86f-eeb9-43a5-aa90-7cece2226235"/>
         <property name="seleniumVersion" value="3.7.1"/>
         <property name="proxyInformation" value="ProxyInformation{proxyOption=NO_PROXY, proxyServerType=HTTP, password=, proxyServerAddress=, proxyServerPort=0}"/>
         <property name="platform" value="Windows 10"/>
      </properties>
      <testcase name="Test Cases/Test" classname="Test Cases/Test" status="FAILED">
         <failure type="FAILED" message="Unable to accept alert (Root cause: No alert found)"/>
         <system-out><![CDATA[2018-04-04 11:11:03 - [TEST_CASE][FAILED] - Test Cases/Test: Test Cases/Test FAILED because (of) Unable to accept alert (Root cause: No alert found)

2018-04-04 11:11:03 - [TEST_STEP][PASSED] - Start listener action : sampleBeforeTestCase: Invoke 'com.kms.katalon.core.annotation.BeforeTestCase' method: 'NewTestListener.sampleBeforeTestCase(...)' completed.

2018-04-04 11:11:03 - [TEST_STEP][PASSED] - comment: Invoke 'com.kms.katalon.core.annotation.BeforeTestCase' method: 'NewTestListener.sampleBeforeTestCase(...)' completed.

2018-04-04 11:11:04 - [TEST_STEP][PASSED] - com.cct.common.security.login.Login.loginDefault: com.cct.common.security.login.Login.loginDefault is PASSED

2018-04-04 11:11:11 - [MESSAGE][PASSED] - Browser is opened with url: 'http://10.100.70.87:8080/cp_cambodia/jsp/security/initLogin.action'

2018-04-04 11:11:11 - [MESSAGE][PASSED] - Wait for page load successfully

2018-04-04 11:11:15 - [MESSAGE][PASSED] - Current window maximized

2018-04-04 11:11:15 - [MESSAGE][PASSED] - Text 'N01' is set on object 'Object Repository/com/cct/security/login/login/input_carrierCode'

2018-04-04 11:11:15 - [MESSAGE][PASSED] - Text 'N01001' is set on object 'Object Repository/com/cct/security/login/login/input_username'

2018-04-04 11:11:15 - [MESSAGE][PASSED] - Text 'Nn@1234' is set on object 'Object Repository/com/cct/security/login/login/input_password'

2018-04-04 11:11:16 - [MESSAGE][PASSED] - Object: 'Object Repository/com/cct/security/login/login/button_Log-in' is clicked on

2018-04-04 11:11:17 - [MESSAGE][PASSED] - Delayed 1 second(s)

2018-04-04 11:11:17 - [MESSAGE][PASSED] - com.cct.common.security.login.Login.loginDefault is PASSED

2018-04-04 11:11:17 - [TEST_STEP][FAILED] - acceptAlert: Unable to accept alert (Root cause: No alert found)

2018-04-04 11:11:17 - [MESSAGE][FAILED] - No alert found
[[ATTACHMENT|D:\\Demo\\Katalon-Demo\\Reports\\test\\20180404_111057\\1522815077665.png]]

2018-04-04 11:11:17 - [MESSAGE][FAILED] - Unable to accept alert (Root cause: No alert found)
[[ATTACHMENT|D:\\Demo\\Katalon-Demo\\Reports\\test\\20180404_111057\\1522815077722.png]]

2018-04-04 11:11:17 - [TEST_STEP][ERROR] - Start listener action : sampleAfterTestCase: java.lang.StringIndexOutOfBoundsException: String index out of range: -2

2018-04-04 11:11:17 - [TEST_STEP][PASSED] - Statement - rowIndex = createRerportdetail(wb, sheet, rowIndex, testCaseContext): null

2018-04-04 11:11:17 - [TEST_STEP][PASSED] - Statement - curCol = 0: null

2018-04-04 11:11:17 - [TEST_STEP][PASSED] - Statement - row = sheet.createRow(curRow): null

2018-04-04 11:11:17 - [TEST_STEP][PASSED] - Statement - cell = row.createCell(curCol): null

2018-04-04 11:11:17 - [TEST_STEP][PASSED] - Statement - cs = wb.createCellStyle(): null

2018-04-04 11:11:17 - [TEST_STEP][PASSED] - Statement - cs.setVerticalAlignment(TOP): null

2018-04-04 11:11:17 - [TEST_STEP][PASSED] - Statement - cs.setWrapText(true): null

2018-04-04 11:11:17 - [TEST_STEP][PASSED] - Statement - testCaseName = testcase.getTestCaseId().split("/"): null

2018-04-04 11:11:17 - [TEST_STEP][PASSED] - comment: 2

2018-04-04 11:11:17 - [TEST_STEP][PASSED] - Statement - If (oldID == "" || oldID != testcase.getTestCaseId()): null

2018-04-04 11:11:17 - [TEST_STEP][PASSED] - Statement - cell.setCellStyle(cs): null

2018-04-04 11:11:17 - [TEST_STEP][PASSED] - Statement - cell.setCellValue(testCaseName[length - 1]): null

2018-04-04 11:11:17 - [TEST_STEP][PASSED] - Statement - oldID = testcase.getTestCaseId(): null

2018-04-04 11:11:17 - [TEST_STEP][PASSED] - Statement - (++curCol): null

2018-04-04 11:11:17 - [TEST_STEP][PASSED] - Statement - cell = row.createCell(curCol): null

2018-04-04 11:11:17 - [TEST_STEP][PASSED] - Statement - cell.setCellStyle(cs): null

2018-04-04 11:11:17 - [TEST_STEP][PASSED] - Statement - cell.setCellValue(testcase.getTestCaseVariables().get("id")): null

2018-04-04 11:11:17 - [TEST_STEP][PASSED] - Statement - (++curCol): null

2018-04-04 11:11:17 - [TEST_STEP][PASSED] - Statement - cell = row.createCell(curCol): null

2018-04-04 11:11:17 - [TEST_STEP][PASSED] - Statement - map = testcase.getTestCaseVariables(): null

2018-04-04 11:11:17 - [TEST_STEP][PASSED] - Statement - value = "": null

2018-04-04 11:11:17 - [TEST_STEP][PASSED] - Statement - For (String key : map.keySet()): null

2018-04-04 11:11:17 - [TEST_STEP][ERROR] - Statement - cell.setCellValue(value.substring(0, value.length() - 2)): java.lang.StringIndexOutOfBoundsException: String index out of range: -2

2018-04-04 11:11:17 - [MESSAGE][ERROR] - java.lang.StringIndexOutOfBoundsException: String index out of range: -2]]></system-out>
         <system-err><![CDATA[2018-04-04 11:11:03 - [TEST_CASE][FAILED] - Test Cases/Test: Test Cases/Test FAILED because (of) Unable to accept alert (Root cause: No alert found)]]></system-err>
      </testcase>
      <testcase name="Test Cases/Test2" classname="Test Cases/Test2" status="ERROR">
         <error type="ERROR" message="Test Cases/Test2 FAILED because (of) org.codehaus.groovy.runtime.metaclass.MissingMethodExceptionNoStack: No signature of method: com.cct.common.security.login.Login.gotoHome() is applicable for argument types: () values: []"/>
         <system-out><![CDATA[2018-04-04 11:11:17 - [TEST_CASE][ERROR] - Test Cases/Test2: Test Cases/Test2 FAILED because (of) org.codehaus.groovy.runtime.metaclass.MissingMethodExceptionNoStack: No signature of method: com.cct.common.security.login.Login.gotoHome() is applicable for argument types: () values: []

2018-04-04 11:11:17 - [TEST_STEP][PASSED] - Start listener action : sampleBeforeTestCase: Invoke 'com.kms.katalon.core.annotation.BeforeTestCase' method: 'NewTestListener.sampleBeforeTestCase(...)' completed.

2018-04-04 11:11:17 - [TEST_STEP][PASSED] - comment: Invoke 'com.kms.katalon.core.annotation.BeforeTestCase' method: 'NewTestListener.sampleBeforeTestCase(...)' completed.

2018-04-04 11:11:17 - [TEST_STEP][PASSED] - com.cct.common.security.login.Login.loginDefault: com.cct.common.security.login.Login.loginDefault is PASSED

2018-04-04 11:11:17 - [MESSAGE][WARNING] - A browser is already opened. Closing browser and opening a new one

2018-04-04 11:11:23 - [MESSAGE][PASSED] - Browser is opened with url: 'http://10.100.70.87:8080/cp_cambodia/jsp/security/initLogin.action'

2018-04-04 11:11:23 - [MESSAGE][PASSED] - Wait for page load successfully

2018-04-04 11:11:27 - [MESSAGE][PASSED] - Current window maximized

2018-04-04 11:11:27 - [MESSAGE][PASSED] - Text 'N01' is set on object 'Object Repository/com/cct/security/login/login/input_carrierCode'

2018-04-04 11:11:27 - [MESSAGE][PASSED] - Text 'N01001' is set on object 'Object Repository/com/cct/security/login/login/input_username'

2018-04-04 11:11:27 - [MESSAGE][PASSED] - Text 'Nn@1234' is set on object 'Object Repository/com/cct/security/login/login/input_password'

2018-04-04 11:11:27 - [MESSAGE][PASSED] - Object: 'Object Repository/com/cct/security/login/login/button_Log-in' is clicked on

2018-04-04 11:11:28 - [MESSAGE][PASSED] - Delayed 1 second(s)

2018-04-04 11:11:28 - [MESSAGE][PASSED] - com.cct.common.security.login.Login.loginDefault is PASSED

2018-04-04 11:11:28 - [TEST_STEP][PASSED] - com.cct.common.security.mainpage.Mainpage.selectMenu: com.cct.common.security.mainpage.Mainpage.selectMenu is PASSED

2018-04-04 11:11:43 - [MESSAGE][PASSED] - Object: 'Object Repository/com/cct/security/mainpage/main/input_btnSubmit Manage Schedule and Individual Check-Ins' is clicked on

2018-04-04 11:11:43 - [MESSAGE][PASSED] - com.cct.common.security.mainpage.Mainpage.selectMenu is PASSED

2018-04-04 11:11:43 - [TEST_STEP][PASSED] - delay: Delayed 1 second(s)

2018-04-04 11:11:44 - [MESSAGE][PASSED] - Delayed 1 second(s)

2018-04-04 11:11:44 - [TEST_STEP][ERROR] - com.cct.common.security.login.Login.gotoHome: No signature of method: com.cct.common.security.login.Login.gotoHome() is applicable for argument types: () values: []

2018-04-04 11:11:44 - [MESSAGE][ERROR] - No signature of method: com.cct.common.security.login.Login.gotoHome() is applicable for argument types: () values: []

2018-04-04 11:11:44 - [TEST_STEP][ERROR] - Start listener action : sampleAfterTestCase: java.lang.StringIndexOutOfBoundsException: String index out of range: -2

2018-04-04 11:11:44 - [TEST_STEP][PASSED] - Statement - rowIndex = createRerportdetail(wb, sheet, rowIndex, testCaseContext): null

2018-04-04 11:11:44 - [TEST_STEP][PASSED] - Statement - curCol = 0: null

2018-04-04 11:11:44 - [TEST_STEP][PASSED] - Statement - row = sheet.createRow(curRow): null

2018-04-04 11:11:44 - [TEST_STEP][PASSED] - Statement - cell = row.createCell(curCol): null

2018-04-04 11:11:44 - [TEST_STEP][PASSED] - Statement - cs = wb.createCellStyle(): null

2018-04-04 11:11:44 - [TEST_STEP][PASSED] - Statement - cs.setVerticalAlignment(TOP): null

2018-04-04 11:11:44 - [TEST_STEP][PASSED] - Statement - cs.setWrapText(true): null

2018-04-04 11:11:44 - [TEST_STEP][PASSED] - Statement - testCaseName = testcase.getTestCaseId().split("/"): null

2018-04-04 11:11:44 - [TEST_STEP][PASSED] - comment: 2

2018-04-04 11:11:44 - [TEST_STEP][PASSED] - Statement - If (oldID == "" || oldID != testcase.getTestCaseId()): null

2018-04-04 11:11:44 - [TEST_STEP][PASSED] - Statement - cell.setCellStyle(cs): null

2018-04-04 11:11:44 - [TEST_STEP][PASSED] - Statement - cell.setCellValue(testCaseName[length - 1]): null

2018-04-04 11:11:44 - [TEST_STEP][PASSED] - Statement - oldID = testcase.getTestCaseId(): null

2018-04-04 11:11:44 - [TEST_STEP][PASSED] - Statement - (++curCol): null

2018-04-04 11:11:44 - [TEST_STEP][PASSED] - Statement - cell = row.createCell(curCol): null

2018-04-04 11:11:44 - [TEST_STEP][PASSED] - Statement - cell.setCellStyle(cs): null

2018-04-04 11:11:44 - [TEST_STEP][PASSED] - Statement - cell.setCellValue(testcase.getTestCaseVariables().get("id")): null

2018-04-04 11:11:44 - [TEST_STEP][PASSED] - Statement - (++curCol): null

2018-04-04 11:11:44 - [TEST_STEP][PASSED] - Statement - cell = row.createCell(curCol): null

2018-04-04 11:11:44 - [TEST_STEP][PASSED] - Statement - map = testcase.getTestCaseVariables(): null

2018-04-04 11:11:44 - [TEST_STEP][PASSED] - Statement - value = "": null

2018-04-04 11:11:44 - [TEST_STEP][PASSED] - Statement - For (String key : map.keySet()): null

2018-04-04 11:11:44 - [TEST_STEP][ERROR] - Statement - cell.setCellValue(value.substring(0, value.length() - 2)): java.lang.StringIndexOutOfBoundsException: String index out of range: -2

2018-04-04 11:11:44 - [MESSAGE][ERROR] - java.lang.StringIndexOutOfBoundsException: String index out of range: -2]]></system-out>
         <system-err><![CDATA[2018-04-04 11:11:17 - [TEST_CASE][ERROR] - Test Cases/Test2: Test Cases/Test2 FAILED because (of) org.codehaus.groovy.runtime.metaclass.MissingMethodExceptionNoStack: No signature of method: com.cct.common.security.login.Login.gotoHome() is applicable for argument types: () values: []]]></system-err>
      </testcase>
      <system-out><![CDATA[2018-04-04 11:11:01 - [TEST_SUITE][FAILED] - test: Test Cases/Test FAILED because (of) Unable to accept alert (Root cause: No alert found)]]></system-out>
      <system-err><![CDATA[2018-04-04 11:11:01 - [TEST_SUITE][FAILED] - test: Test Cases/Test FAILED because (of) Unable to accept alert (Root cause: No alert found)]]></system-err>
   </testsuite>
</testsuites>
